#
# There is insufficient memory for the Java Runtime Environment to continue.
# Native memory allocation (malloc) failed to allocate 1616336 bytes for Chunk::new
# Possible reasons:
#   The system is out of physical RAM or swap space
#   The process is running with CompressedOops enabled, and the Java Heap may be blocking the growth of the native heap
# Possible solutions:
#   Reduce memory load on the system
#   Increase physical memory or swap space
#   Check if swap backing store is full
#   Decrease Java heap size (-Xmx/-Xms)
#   Decrease number of Java threads
#   Decrease Java thread stack sizes (-Xss)
#   Set larger code cache with -XX:ReservedCodeCacheSize=
#   JVM is running with Zero Based Compressed Oops mode in which the Java heap is
#     placed in the first 32GB address space. The Java Heap base address is the
#     maximum limit for the native heap growth. Please use -XX:HeapBaseMinAddress
#     to set the Java Heap base and to place the Java Heap above 32GB virtual address.
# This output file may be truncated or incomplete.
#
#  Out of Memory Error (arena.cpp:168), pid=25880, tid=1740
#
# JRE version: Java(TM) SE Runtime Environment (21.0.7+8) (build 21.0.7+8-LTS-245)
# Java VM: Java HotSpot(TM) 64-Bit Server VM (21.0.7+8-LTS-245, mixed mode, sharing, tiered, compressed oops, compressed class ptrs, g1 gc, windows-amd64)
# No core dump will be written. Minidumps are not enabled by default on client versions of Windows
#

---------------  S U M M A R Y ------------

Command Line: -javaagent:C:\Program Files\JetBrains\IntelliJ IDEA Community Edition 2025.1.1.1\lib\idea_rt.jar=63399 -Dfile.encoding=UTF-8 -Dsun.stdout.encoding=UTF-8 -Dsun.stderr.encoding=UTF-8 br.com.deposito.DepositoApplication

Host: 12th Gen Intel(R) Core(TM) i5-12400, 12 cores, 15G,  Windows 11 , 64 bit Build 26100 (10.0.26100.7623)
Time: Tue Jan 27 16:57:57 2026 Hora oficial do Brasil elapsed time: 3.460959 seconds (0d 0h 0m 3s)

---------------  T H R E A D  ---------------

Current thread (0x0000020c751c27e0):  JavaThread "C2 CompilerThread0" daemon [_thread_in_native, id=1740, stack(0x000000d59b500000,0x000000d59b600000) (1024K)]


Current CompileTask:
C2:   3462 2323   !   4       jdk.internal.loader.BuiltinClassLoader::loadClassOrNull (143 bytes)

Stack: [0x000000d59b500000,0x000000d59b600000]
Native frames: (J=compiled Java code, j=interpreted, Vv=VM code, C=native code)
V  [jvm.dll+0x6cae19]
V  [jvm.dll+0x855741]
V  [jvm.dll+0x857c6e]
V  [jvm.dll+0x858343]
V  [jvm.dll+0x27e0b6]
V  [jvm.dll+0xc4ecd]
V  [jvm.dll+0xc5403]
V  [jvm.dll+0x3b5752]
V  [jvm.dll+0x381e25]
V  [jvm.dll+0x38129a]
V  [jvm.dll+0x246b30]
V  [jvm.dll+0x24610f]
V  [jvm.dll+0x1c6efe]
V  [jvm.dll+0x255819]
V  [jvm.dll+0x253daa]
V  [jvm.dll+0x3eebb6]
V  [jvm.dll+0x7ffa1b]
V  [jvm.dll+0x6c94fd]
C  [ucrtbase.dll+0x37b0]
C  [KERNEL32.DLL+0x2e8d7]
C  [ntdll.dll+0x8c53c]


---------------  P R O C E S S  ---------------

Threads class SMR info:
_java_thread_list=0x0000020c7b08d990, length=15, elements={
0x0000020c53acf640, 0x0000020c751a0150, 0x0000020c751a19e0, 0x0000020c751a59a0,
0x0000020c751a8760, 0x0000020c751ac8b0, 0x0000020c751ae0d0, 0x0000020c751c27e0,
0x0000020c751c5b30, 0x0000020c7516dae0, 0x0000020c755cf440, 0x0000020c757ce800,
0x0000020c757cee60, 0x0000020c7a5e62f0, 0x0000020c7b67bf60
}

Java Threads: ( => current thread )
  0x0000020c53acf640 JavaThread "main"                              [_thread_in_vm, id=11436, stack(0x000000d59a700000,0x000000d59a800000) (1024K)]
  0x0000020c751a0150 JavaThread "Reference Handler"          daemon [_thread_blocked, id=6360, stack(0x000000d59af00000,0x000000d59b000000) (1024K)]
  0x0000020c751a19e0 JavaThread "Finalizer"                  daemon [_thread_blocked, id=29488, stack(0x000000d59b000000,0x000000d59b100000) (1024K)]
  0x0000020c751a59a0 JavaThread "Signal Dispatcher"          daemon [_thread_blocked, id=13316, stack(0x000000d59b100000,0x000000d59b200000) (1024K)]
  0x0000020c751a8760 JavaThread "Attach Listener"            daemon [_thread_blocked, id=26688, stack(0x000000d59b200000,0x000000d59b300000) (1024K)]
  0x0000020c751ac8b0 JavaThread "Service Thread"             daemon [_thread_blocked, id=9628, stack(0x000000d59b300000,0x000000d59b400000) (1024K)]
  0x0000020c751ae0d0 JavaThread "Monitor Deflation Thread"   daemon [_thread_blocked, id=28600, stack(0x000000d59b400000,0x000000d59b500000) (1024K)]
=>0x0000020c751c27e0 JavaThread "C2 CompilerThread0"         daemon [_thread_in_native, id=1740, stack(0x000000d59b500000,0x000000d59b600000) (1024K)]
  0x0000020c751c5b30 JavaThread "C1 CompilerThread0"         daemon [_thread_in_native, id=1300, stack(0x000000d59b600000,0x000000d59b700000) (1024K)]
  0x0000020c7516dae0 JavaThread "Common-Cleaner"             daemon [_thread_blocked, id=25440, stack(0x000000d59b700000,0x000000d59b800000) (1024K)]
  0x0000020c755cf440 JavaThread "C2 CompilerThread1"         daemon [_thread_blocked, id=30656, stack(0x000000d59b800000,0x000000d59b900000) (1024K)]
  0x0000020c757ce800 JavaThread "Monitor Ctrl-Break"         daemon [_thread_in_native, id=25072, stack(0x000000d59b900000,0x000000d59ba00000) (1024K)]
  0x0000020c757cee60 JavaThread "Notification Thread"        daemon [_thread_blocked, id=28760, stack(0x000000d59ba00000,0x000000d59bb00000) (1024K)]
  0x0000020c7a5e62f0 JavaThread "background-preinit"                [_thread_in_native, id=28868, stack(0x000000d59c000000,0x000000d59c100000) (1024K)]
  0x0000020c7b67bf60 JavaThread "C2 CompilerThread2"         daemon [_thread_in_native, id=28092, stack(0x000000d59c500000,0x000000d59c600000) (1024K)]
Total: 15

Other Threads:
  0x0000020c75186d20 VMThread "VM Thread"                           [id=26616, stack(0x000000d59ae00000,0x000000d59af00000) (1024K)]
  0x0000020c7516c140 WatcherThread "VM Periodic Task Thread"        [id=21856, stack(0x000000d59ad00000,0x000000d59ae00000) (1024K)]
  0x0000020c53d0fa70 WorkerThread "GC Thread#0"                     [id=15268, stack(0x000000d59a800000,0x000000d59a900000) (1024K)]
  0x0000020c7a26a440 WorkerThread "GC Thread#1"                     [id=10900, stack(0x000000d59bb00000,0x000000d59bc00000) (1024K)]
  0x0000020c7a118bf0 WorkerThread "GC Thread#2"                     [id=24664, stack(0x000000d59bc00000,0x000000d59bd00000) (1024K)]
  0x0000020c7a21cec0 WorkerThread "GC Thread#3"                     [id=20712, stack(0x000000d59bd00000,0x000000d59be00000) (1024K)]
  0x0000020c7a21d260 WorkerThread "GC Thread#4"                     [id=22696, stack(0x000000d59be00000,0x000000d59bf00000) (1024K)]
  0x0000020c7a21d600 WorkerThread "GC Thread#5"                     [id=25224, stack(0x000000d59bf00000,0x000000d59c000000) (1024K)]
  0x0000020c7a46db80 WorkerThread "GC Thread#6"                     [id=2452, stack(0x000000d59c100000,0x000000d59c200000) (1024K)]
  0x0000020c7a46f4e0 WorkerThread "GC Thread#7"                     [id=11308, stack(0x000000d59c200000,0x000000d59c300000) (1024K)]
  0x0000020c7a46ea00 WorkerThread "GC Thread#8"                     [id=9844, stack(0x000000d59c300000,0x000000d59c400000) (1024K)]
  0x0000020c7a46eda0 WorkerThread "GC Thread#9"                     [id=27272, stack(0x000000d59c400000,0x000000d59c500000) (1024K)]
  0x0000020c53d215f0 ConcurrentGCThread "G1 Main Marker"            [id=14596, stack(0x000000d59a900000,0x000000d59aa00000) (1024K)]
  0x0000020c53d238a0 WorkerThread "G1 Conc#0"                       [id=23612, stack(0x000000d59aa00000,0x000000d59ab00000) (1024K)]
  0x0000020c7a46e660 WorkerThread "G1 Conc#1"                       [id=25000, stack(0x000000d59c600000,0x000000d59c700000) (1024K)]
  0x0000020c7a70af60 WorkerThread "G1 Conc#2"                       [id=26856, stack(0x000000d59c700000,0x000000d59c800000) (1024K)]
  0x0000020c53d5ea90 ConcurrentGCThread "G1 Refine#0"               [id=28664, stack(0x000000d59ab00000,0x000000d59ac00000) (1024K)]
  0x0000020c75038ab0 ConcurrentGCThread "G1 Service"                [id=25008, stack(0x000000d59ac00000,0x000000d59ad00000) (1024K)]
Total: 18

Threads with active compile tasks:
C2 CompilerThread0     3506 2323   !   4       jdk.internal.loader.BuiltinClassLoader::loadClassOrNull (143 bytes)
C1 CompilerThread0     3506 2686       3       org.apache.commons.logging.LogFactory::getContextClassLoaderInternal (12 bytes)
C2 CompilerThread2     3506 2689       4       java.util.jar.JarFile::getVersionedEntry (133 bytes)
Total: 3

VM state: not at safepoint (normal execution)

VM Mutex/Monitor currently owned by a thread: None

Heap address: 0x0000000703a00000, size: 4038 MB, Compressed Oops mode: Zero based, Oop shift amount: 3

CDS archive(s) mapped at: [0x0000020c00000000-0x0000020c00c90000-0x0000020c00c90000), size 13172736, SharedBaseAddress: 0x0000020c00000000, ArchiveRelocationMode: 1.
Compressed class space mapped at: 0x0000020c01000000-0x0000020c41000000, reserved size: 1073741824
Narrow klass base: 0x0000020c00000000, Narrow klass shift: 0, Narrow klass range: 0x100000000

GC Precious Log:
 CardTable entry size: 512
 Card Set container configuration: InlinePtr #cards 4 size 8 Array Of Cards #cards 16 size 48 Howl #buckets 8 coarsen threshold 3686 Howl Bitmap #cards 512 size 80 coarsen threshold 460 Card regions per heap region 1 cards per card region 4096
 CPUs: 12 total, 12 available
 Memory: 16146M
 Large Page Support: Disabled
 NUMA Support: Disabled
 Compressed Oops: Enabled (Zero based)
 Heap Region Size: 2M
 Heap Min Capacity: 8M
 Heap Initial Capacity: 254M
 Heap Max Capacity: 4038M
 Pre-touch: Disabled
 Parallel Workers: 10
 Concurrent Workers: 3
 Concurrent Refinement Workers: 10
 Periodic GC: Disabled

Heap:
 garbage-first heap   total 61440K, used 18321K [0x0000000703a00000, 0x0000000800000000)
  region size 2048K, 6 young (12288K), 3 survivors (6144K)
 Metaspace       used 21766K, committed 22208K, reserved 1114112K
  class space    used 2752K, committed 2944K, reserved 1048576K

Heap Regions: E=young(eden), S=young(survivor), O=old, HS=humongous(starts), HC=humongous(continues), CS=collection set, F=free, TAMS=top-at-mark-start, PB=parsable bottom
|   0|0x0000000703a00000, 0x0000000703c00000, 0x0000000703c00000|100%| O|  |TAMS 0x0000000703a00000| PB 0x0000000703a00000| Untracked 
|   1|0x0000000703c00000, 0x0000000703e00000, 0x0000000703e00000|100%| O|  |TAMS 0x0000000703c00000| PB 0x0000000703c00000| Untracked 
|   2|0x0000000703e00000, 0x0000000704000000, 0x0000000704000000|100%| O|  |TAMS 0x0000000703e00000| PB 0x0000000703e00000| Untracked 
|   3|0x0000000704000000, 0x0000000704200000, 0x0000000704200000|100%| O|  |TAMS 0x0000000704000000| PB 0x0000000704000000| Untracked 
|   4|0x0000000704200000, 0x000000070422d5d0, 0x0000000704400000|  8%| O|Cm|TAMS 0x0000000704200000| PB 0x0000000704200000| Complete 
|   5|0x0000000704400000, 0x0000000704400000, 0x0000000704600000|  0%| F|  |TAMS 0x0000000704400000| PB 0x0000000704400000| Untracked 
|   6|0x0000000704600000, 0x0000000704600000, 0x0000000704800000|  0%| F|  |TAMS 0x0000000704600000| PB 0x0000000704600000| Untracked 
|   7|0x0000000704800000, 0x0000000704800000, 0x0000000704a00000|  0%| F|  |TAMS 0x0000000704800000| PB 0x0000000704800000| Untracked 
|   8|0x0000000704a00000, 0x0000000704a00000, 0x0000000704c00000|  0%| F|  |TAMS 0x0000000704a00000| PB 0x0000000704a00000| Untracked 
|   9|0x0000000704c00000, 0x0000000704c00000, 0x0000000704e00000|  0%| F|  |TAMS 0x0000000704c00000| PB 0x0000000704c00000| Untracked 
|  10|0x0000000704e00000, 0x0000000704e00000, 0x0000000705000000|  0%| F|  |TAMS 0x0000000704e00000| PB 0x0000000704e00000| Untracked 
|  11|0x0000000705000000, 0x0000000705000000, 0x0000000705200000|  0%| F|  |TAMS 0x0000000705000000| PB 0x0000000705000000| Untracked 
|  12|0x0000000705200000, 0x0000000705200000, 0x0000000705400000|  0%| F|  |TAMS 0x0000000705200000| PB 0x0000000705200000| Untracked 
|  13|0x0000000705400000, 0x0000000705400000, 0x0000000705600000|  0%| F|  |TAMS 0x0000000705400000| PB 0x0000000705400000| Untracked 
|  14|0x0000000705600000, 0x0000000705600000, 0x0000000705800000|  0%| F|  |TAMS 0x0000000705600000| PB 0x0000000705600000| Untracked 
|  15|0x0000000705800000, 0x0000000705800000, 0x0000000705a00000|  0%| F|  |TAMS 0x0000000705800000| PB 0x0000000705800000| Untracked 
|  16|0x0000000705a00000, 0x0000000705a00000, 0x0000000705c00000|  0%| F|  |TAMS 0x0000000705a00000| PB 0x0000000705a00000| Untracked 
|  17|0x0000000705c00000, 0x0000000705c00000, 0x0000000705e00000|  0%| F|  |TAMS 0x0000000705c00000| PB 0x0000000705c00000| Untracked 
|  18|0x0000000705e00000, 0x0000000705e00000, 0x0000000706000000|  0%| F|  |TAMS 0x0000000705e00000| PB 0x0000000705e00000| Untracked 
|  19|0x0000000706000000, 0x0000000706000000, 0x0000000706200000|  0%| F|  |TAMS 0x0000000706000000| PB 0x0000000706000000| Untracked 
|  20|0x0000000706200000, 0x0000000706200000, 0x0000000706400000|  0%| F|  |TAMS 0x0000000706200000| PB 0x0000000706200000| Untracked 
|  21|0x0000000706400000, 0x0000000706400000, 0x0000000706600000|  0%| F|  |TAMS 0x0000000706400000| PB 0x0000000706400000| Untracked 
|  22|0x0000000706600000, 0x0000000706600000, 0x0000000706800000|  0%| F|  |TAMS 0x0000000706600000| PB 0x0000000706600000| Untracked 
|  23|0x0000000706800000, 0x0000000706800000, 0x0000000706a00000|  0%| F|  |TAMS 0x0000000706800000| PB 0x0000000706800000| Untracked 
|  24|0x0000000706a00000, 0x0000000706bf26d8, 0x0000000706c00000| 97%| E|  |TAMS 0x0000000706a00000| PB 0x0000000706a00000| Complete 
|  25|0x0000000706c00000, 0x0000000706e00000, 0x0000000706e00000|100%| E|CS|TAMS 0x0000000706c00000| PB 0x0000000706c00000| Complete 
| 102|0x0000000710600000, 0x00000007107b71e0, 0x0000000710800000| 85%| S|CS|TAMS 0x0000000710600000| PB 0x0000000710600000| Complete 
| 103|0x0000000710800000, 0x0000000710a00000, 0x0000000710a00000|100%| S|CS|TAMS 0x0000000710800000| PB 0x0000000710800000| Complete 
| 104|0x0000000710a00000, 0x0000000710c00000, 0x0000000710c00000|100%| S|CS|TAMS 0x0000000710a00000| PB 0x0000000710a00000| Complete 
| 126|0x0000000713600000, 0x0000000713800000, 0x0000000713800000|100%| E|CS|TAMS 0x0000000713600000| PB 0x0000000713600000| Complete 

Card table byte_map: [0x0000020c6dd90000,0x0000020c6e580000] _byte_map_base: 0x0000020c6a573000

Marking Bits: (CMBitMap*) 0x0000020c53d10170
 Bits: [0x0000020c6e580000, 0x0000020c72498000)

Polling page: 0x0000020c53d70000

Metaspace:

Usage:
  Non-class:     18.58 MB used.
      Class:      2.69 MB used.
       Both:     21.27 MB used.

Virtual space:
  Non-class space:       64.00 MB reserved,      18.81 MB ( 29%) committed,  1 nodes.
      Class space:        1.00 GB reserved,       2.88 MB ( <1%) committed,  1 nodes.
             Both:        1.06 GB reserved,      21.69 MB (  2%) committed. 

Chunk freelists:
   Non-Class:  12.95 MB
       Class:  13.03 MB
        Both:  25.98 MB

MaxMetaspaceSize: unlimited
CompressedClassSpaceSize: 1.00 GB
Initial GC threshold: 21.00 MB
Current GC threshold: 35.25 MB
CDS: on
 - commit_granule_bytes: 65536.
 - commit_granule_words: 8192.
 - virtual_space_node_default_size: 8388608.
 - enlarge_chunks_in_place: 1.
 - use_allocation_guard: 0.


Internal statistics:

num_allocs_failed_limit: 3.
num_arena_births: 464.
num_arena_deaths: 0.
num_vsnodes_births: 2.
num_vsnodes_deaths: 0.
num_space_committed: 347.
num_space_uncommitted: 0.
num_chunks_returned_to_freelist: 3.
num_chunks_taken_from_freelist: 1247.
num_chunk_merges: 0.
num_chunk_splits: 826.
num_chunks_enlarged: 577.
num_inconsistent_stats: 0.

CodeHeap 'non-profiled nmethods': size=120000Kb used=1166Kb max_used=1166Kb free=118833Kb
 bounds [0x0000020c653e0000, 0x0000020c65650000, 0x0000020c6c910000]
CodeHeap 'profiled nmethods': size=120000Kb used=5125Kb max_used=5125Kb free=114874Kb
 bounds [0x0000020c5d910000, 0x0000020c5de20000, 0x0000020c64e40000]
CodeHeap 'non-nmethods': size=5760Kb used=1457Kb max_used=1486Kb free=4302Kb
 bounds [0x0000020c64e40000, 0x0000020c650b0000, 0x0000020c653e0000]
 total_blobs=3228 nmethods=2688 adapters=444
 compilation: enabled
              stopped_count=0, restarted_count=0
 full_count=0

Compilation events (20 events):
Event: 2.437 Thread 0x0000020c751c5b30 2559   !   3       java.lang.ref.ReferenceQueue::remove (61 bytes)
Event: 2.437 Thread 0x0000020c751c5b30 nmethod 2559 0x0000020c5ddb6610 code [0x0000020c5ddb68a0, 0x0000020c5ddb7478]
Event: 2.437 Thread 0x0000020c751c5b30 2560       3       java.lang.ref.ReferenceQueue::remove0 (64 bytes)
Event: 2.437 Thread 0x0000020c751c5b30 nmethod 2560 0x0000020c5ddb7810 code [0x0000020c5ddb7a20, 0x0000020c5ddb7eb8]
Event: 2.437 Thread 0x0000020c751c5b30 2553       3       org.springframework.core.SimpleAliasRegistry::canonicalName (28 bytes)
Event: 2.437 Thread 0x0000020c751c5b30 nmethod 2553 0x0000020c5ddb8010 code [0x0000020c5ddb81e0, 0x0000020c5ddb85b0]
Event: 2.437 Thread 0x0000020c751c5b30 2550       3       org.springframework.core.annotation.MergedAnnotationSelectors::firstDirectlyDeclared (4 bytes)
Event: 2.437 Thread 0x0000020c751c5b30 nmethod 2550 0x0000020c5ddb8710 code [0x0000020c5ddb88a0, 0x0000020c5ddb8998]
Event: 2.437 Thread 0x0000020c751c5b30 2554       3       org.springframework.beans.factory.support.AbstractBeanFactory::transformedBeanName (9 bytes)
Event: 2.438 Thread 0x0000020c751c5b30 nmethod 2554 0x0000020c5ddb8a10 code [0x0000020c5ddb8be0, 0x0000020c5ddb90c8]
Event: 2.438 Thread 0x0000020c751c5b30 2555       3       org.springframework.beans.factory.BeanFactoryUtils::transformedBeanName (43 bytes)
Event: 2.438 Thread 0x0000020c751c5b30 nmethod 2555 0x0000020c5ddb9290 code [0x0000020c5ddb9500, 0x0000020c5ddba038]
Event: 2.438 Thread 0x0000020c751c5b30 2561       3       org.springframework.context.annotation.ConfigurationClassParser$SourceClass::<init> (51 bytes)
Event: 2.438 Thread 0x0000020c751c5b30 nmethod 2561 0x0000020c5ddba410 code [0x0000020c5ddba660, 0x0000020c5ddbb2c0]
Event: 2.439 Thread 0x0000020c751c5b30 2562   !   3       org.springframework.context.annotation.ConfigurationClassParser::asSourceClass (86 bytes)
Event: 3.451 Thread 0x0000020c751c5b30 nmethod 2562 0x0000020c5ddbb690 code [0x0000020c5ddbb900, 0x0000020c5ddbc148]
Event: 3.453 Thread 0x0000020c751c5b30 2566       3       java.lang.StringConcatHelper::newArrayWithSuffix (40 bytes)
Event: 3.453 Thread 0x0000020c751c5b30 nmethod 2566 0x0000020c5ddbc510 code [0x0000020c5ddbc720, 0x0000020c5ddbccc0]
Event: 3.453 Thread 0x0000020c751c5b30 2563       3       org.springframework.core.io.ClassPathResource::hashCode (8 bytes)
Event: 3.453 Thread 0x0000020c751c5b30 nmethod 2563 0x0000020c5ddbcf10 code [0x0000020c5ddbd0c0, 0x0000020c5ddbd208]

GC Heap History (6 events):
Event: 0.464 GC heap before
{Heap before GC invocations=0 (full 0):
 garbage-first heap   total 260096K, used 20480K [0x0000000703a00000, 0x0000000800000000)
  region size 2048K, 11 young (22528K), 0 survivors (0K)
 Metaspace       used 5548K, committed 5696K, reserved 1114112K
  class space    used 624K, committed 704K, reserved 1048576K
}
Event: 0.468 GC heap after
{Heap after GC invocations=1 (full 0):
 garbage-first heap   total 260096K, used 8768K [0x0000000703a00000, 0x0000000800000000)
  region size 2048K, 2 young (4096K), 2 survivors (4096K)
 Metaspace       used 5548K, committed 5696K, reserved 1114112K
  class space    used 624K, committed 704K, reserved 1048576K
}
Event: 0.910 GC heap before
{Heap before GC invocations=1 (full 0):
 garbage-first heap   total 260096K, used 31296K [0x0000000703a00000, 0x0000000800000000)
  region size 2048K, 14 young (28672K), 2 survivors (4096K)
 Metaspace       used 12380K, committed 12736K, reserved 1114112K
  class space    used 1578K, committed 1728K, reserved 1048576K
}
Event: 0.916 GC heap after
{Heap after GC invocations=2 (full 0):
 garbage-first heap   total 260096K, used 10587K [0x0000000703a00000, 0x0000000800000000)
  region size 2048K, 2 young (4096K), 2 survivors (4096K)
 Metaspace       used 12380K, committed 12736K, reserved 1114112K
  class space    used 1578K, committed 1728K, reserved 1048576K
}
Event: 2.430 GC heap before
{Heap before GC invocations=2 (full 0):
 garbage-first heap   total 260096K, used 49499K [0x0000000703a00000, 0x0000000800000000)
  region size 2048K, 22 young (45056K), 2 survivors (4096K)
 Metaspace       used 21087K, committed 21504K, reserved 1114112K
  class space    used 2666K, committed 2880K, reserved 1048576K
}
Event: 2.434 GC heap after
{Heap after GC invocations=3 (full 0):
 garbage-first heap   total 260096K, used 14225K [0x0000000703a00000, 0x0000000800000000)
  region size 2048K, 3 young (6144K), 3 survivors (6144K)
 Metaspace       used 21087K, committed 21504K, reserved 1114112K
  class space    used 2666K, committed 2880K, reserved 1048576K
}

Dll operation events (9 events):
Event: 0.008 Loaded shared library C:\Program Files\Java\jdk-21\bin\java.dll
Event: 0.040 Loaded shared library C:\Program Files\Java\jdk-21\bin\jsvml.dll
Event: 0.108 Loaded shared library C:\Program Files\Java\jdk-21\bin\zip.dll
Event: 0.110 Loaded shared library C:\Program Files\Java\jdk-21\bin\instrument.dll
Event: 0.114 Loaded shared library C:\Program Files\Java\jdk-21\bin\net.dll
Event: 0.116 Loaded shared library C:\Program Files\Java\jdk-21\bin\nio.dll
Event: 0.118 Loaded shared library C:\Program Files\Java\jdk-21\bin\zip.dll
Event: 0.178 Loaded shared library C:\Program Files\Java\jdk-21\bin\extnet.dll
Event: 0.192 Loaded shared library C:\Program Files\Java\jdk-21\bin\jimage.dll

Deoptimization events (20 events):
Event: 2.402 Thread 0x0000020c7a5e62f0 DEOPT PACKING pc=0x0000020c654cffe4 sp=0x000000d59c0fe590
Event: 2.402 Thread 0x0000020c7a5e62f0 DEOPT UNPACKING pc=0x0000020c64e946a2 sp=0x000000d59c0fe558 mode 2
Event: 2.405 Thread 0x0000020c53acf640 Uncommon trap: trap_request=0xffffff45 fr.pc=0x0000020c65453ce4 relative=0x0000000000000a24
Event: 2.405 Thread 0x0000020c53acf640 Uncommon trap: reason=unstable_if action=reinterpret pc=0x0000020c65453ce4 method=jdk.internal.org.objectweb.asm.SymbolTable.put(Ljdk/internal/org/objectweb/asm/SymbolTable$Entry;)Ljdk/internal/org/objectweb/asm/SymbolTable$Entry; @ 13 c2
Event: 2.405 Thread 0x0000020c53acf640 DEOPT PACKING pc=0x0000020c65453ce4 sp=0x000000d59a7fcba0
Event: 2.405 Thread 0x0000020c53acf640 DEOPT UNPACKING pc=0x0000020c64e946a2 sp=0x000000d59a7fcad8 mode 2
Event: 2.417 Thread 0x0000020c53acf640 Uncommon trap: trap_request=0xffffffc6 fr.pc=0x0000020c65459e6c relative=0x000000000000036c
Event: 2.417 Thread 0x0000020c53acf640 Uncommon trap: reason=bimorphic_or_optimized_type_check action=maybe_recompile pc=0x0000020c65459e6c method=java.util.HashMap.getNode(Ljava/lang/Object;)Ljava/util/HashMap$Node; @ 128 c2
Event: 2.417 Thread 0x0000020c53acf640 DEOPT PACKING pc=0x0000020c65459e6c sp=0x000000d59a7fe800
Event: 2.417 Thread 0x0000020c53acf640 DEOPT UNPACKING pc=0x0000020c64e946a2 sp=0x000000d59a7fe778 mode 2
Event: 2.421 Thread 0x0000020c7a5e62f0 DEOPT PACKING pc=0x0000020c5dae4176 sp=0x000000d59c0fdde0
Event: 2.421 Thread 0x0000020c7a5e62f0 DEOPT UNPACKING pc=0x0000020c64e94e42 sp=0x000000d59c0fd2c8 mode 0
Event: 2.421 Thread 0x0000020c7a5e62f0 Uncommon trap: trap_request=0xffffff45 fr.pc=0x0000020c65479490 relative=0x00000000000004d0
Event: 2.421 Thread 0x0000020c7a5e62f0 Uncommon trap: reason=unstable_if action=reinterpret pc=0x0000020c65479490 method=java.lang.AbstractStringBuilder.isLatin1()Z @ 10 c2
Event: 2.421 Thread 0x0000020c7a5e62f0 DEOPT PACKING pc=0x0000020c65479490 sp=0x000000d59c0fdd70
Event: 2.421 Thread 0x0000020c7a5e62f0 DEOPT UNPACKING pc=0x0000020c64e946a2 sp=0x000000d59c0fdcc0 mode 2
Event: 2.422 Thread 0x0000020c7a5e62f0 DEOPT PACKING pc=0x0000020c5dae4176 sp=0x000000d59c0fdde0
Event: 2.422 Thread 0x0000020c7a5e62f0 DEOPT UNPACKING pc=0x0000020c64e94e42 sp=0x000000d59c0fd2c8 mode 0
Event: 2.426 Thread 0x0000020c7a5e62f0 DEOPT PACKING pc=0x0000020c5dae4176 sp=0x000000d59c0fdf80
Event: 2.426 Thread 0x0000020c7a5e62f0 DEOPT UNPACKING pc=0x0000020c64e94e42 sp=0x000000d59c0fd468 mode 0

Classes loaded (20 events):
Event: 3.451 Loading class java/net/SocketPermission done
Event: 3.454 Loading class java/lang/reflect/ReflectPermission
Event: 3.454 Loading class java/lang/reflect/ReflectPermission done
Event: 3.454 Loading class sun/security/provider/SunEntries
Event: 3.454 Loading class sun/security/provider/SunEntries done
Event: 3.454 Loading class sun/security/provider/SunEntries$1
Event: 3.454 Loading class sun/security/provider/SunEntries$1 done
Event: 3.454 Loading class sun/security/provider/NativePRNG
Event: 3.454 Loading class sun/security/provider/NativePRNG done
Event: 3.454 Loading class sun/security/provider/NativePRNG$Blocking
Event: 3.454 Loading class sun/security/provider/NativePRNG$Blocking done
Event: 3.454 Loading class sun/security/provider/NativePRNG$NonBlocking
Event: 3.455 Loading class sun/security/provider/NativePRNG$NonBlocking done
Event: 3.455 Loading class java/security/Provider$Service
Event: 3.455 Loading class java/security/Provider$Service done
Event: 3.455 Loading class java/security/Provider$UString
Event: 3.455 Loading class java/security/Provider$UString done
Event: 3.455 Loading class sun/security/util/SecurityProviderConstants
Event: 3.455 Loading class sun/security/util/SecurityProviderConstants done
Event: 3.455 Loading class sun/security/util/KnownOIDs

Classes unloaded (0 events):
No events

Classes redefined (0 events):
No events

Internal exceptions (20 events):
Event: 0.652 Thread 0x0000020c53acf640 Exception <a 'java/lang/NoSuchMethodError'{0x0000000712ec7c58}: 'java.lang.Object java.lang.invoke.Invokers$Holder.linkToTargetMethod(java.lang.Object, java.lang.Object, int, java.lang.Object, java.lang.Object)'> (0x0000000712ec7c58) 
thrown [s\open\src\hotspot\share\interpreter\linkResolver.cpp, line 773]
Event: 0.653 Thread 0x0000020c53acf640 Exception <a 'java/lang/NoSuchMethodError'{0x0000000712ed60a0}: 'java.lang.Object java.lang.invoke.DirectMethodHandle$Holder.newInvokeSpecial(java.lang.Object, int, java.lang.Object)'> (0x0000000712ed60a0) 
thrown [s\open\src\hotspot\share\interpreter\linkResolver.cpp, line 773]
Event: 0.653 Thread 0x0000020c53acf640 Exception <a 'java/lang/NoSuchMethodError'{0x0000000712eda720}: 'int java.lang.invoke.DirectMethodHandle$Holder.invokeSpecialIFC(java.lang.Object, java.lang.Object, java.lang.Object, java.lang.Object)'> (0x0000000712eda720) 
thrown [s\open\src\hotspot\share\interpreter\linkResolver.cpp, line 773]
Event: 0.666 Thread 0x0000020c53acf640 Exception <a 'java/lang/NoSuchMethodError'{0x0000000712f78638}: 'void java.lang.invoke.DirectMethodHandle$Holder.invokeInterface(java.lang.Object, java.lang.Object, java.lang.Object)'> (0x0000000712f78638) 
thrown [s\open\src\hotspot\share\interpreter\linkResolver.cpp, line 773]
Event: 0.680 Thread 0x0000020c53acf640 Exception <a 'java/lang/NoSuchMethodError'{0x0000000712ff5358}: 'void java.lang.invoke.DirectMethodHandle$Holder.invokeStaticInit(java.lang.Object, java.lang.Object, java.lang.Object)'> (0x0000000712ff5358) 
thrown [s\open\src\hotspot\share\interpreter\linkResolver.cpp, line 773]
Event: 0.686 Thread 0x0000020c53acf640 Exception <a 'java/lang/NoSuchMethodError'{0x0000000712c3d890}: 'java.lang.Object java.lang.invoke.DirectMethodHandle$Holder.invokeVirtual(java.lang.Object, java.lang.Object, java.lang.Object)'> (0x0000000712c3d890) 
thrown [s\open\src\hotspot\share\interpreter\linkResolver.cpp, line 773]
Event: 0.689 Thread 0x0000020c53acf640 Exception <a 'java/lang/NoSuchMethodError'{0x0000000712c5f190}: 'java.lang.Object java.lang.invoke.DirectMethodHandle$Holder.invokeStaticInit(java.lang.Object, int)'> (0x0000000712c5f190) 
thrown [s\open\src\hotspot\share\interpreter\linkResolver.cpp, line 773]
Event: 0.690 Thread 0x0000020c53acf640 Exception <a 'java/lang/NoSuchMethodError'{0x0000000712c69278}: 'java.lang.Object java.lang.invoke.DirectMethodHandle$Holder.invokeStaticInit(java.lang.Object, int, java.lang.Object)'> (0x0000000712c69278) 
thrown [s\open\src\hotspot\share\interpreter\linkResolver.cpp, line 773]
Event: 0.705 Thread 0x0000020c53acf640 Exception <a 'java/lang/NoSuchMethodError'{0x0000000712d0af48}: 'void java.lang.invoke.DirectMethodHandle$Holder.invokeVirtual(java.lang.Object, java.lang.Object, java.lang.Object, java.lang.Object)'> (0x0000000712d0af48) 
thrown [s\open\src\hotspot\share\interpreter\linkResolver.cpp, line 773]
Event: 0.765 Thread 0x0000020c53acf640 Exception <a 'java/lang/NoSuchMethodError'{0x0000000712b77800}: 'java.lang.Object java.lang.invoke.Invokers$Holder.invoke_MT(java.lang.Object, java.lang.Object, java.lang.Object, java.lang.Object, java.lang.Object, java.lang.Object, java.lang.Object, java.lang.Object, java.lang.Object)'> (0x0000000712b77800) 
thrown [s\open\src\hotspot\share\interpreter\linkResolver.cpp, line 773]
Event: 0.768 Thread 0x0000020c53acf640 Exception <a 'java/lang/NoSuchMethodError'{0x0000000712ba4b68}: 'java.lang.reflect.Field[] java.lang.Class.getDeclaredFields(java.lang.Class)'> (0x0000000712ba4b68) 
thrown [s\open\src\hotspot\share\interpreter\linkResolver.cpp, line 773]
Event: 0.778 Thread 0x0000020c53acf640 Exception <a 'java/lang/IncompatibleClassChangeError'{0x0000000712869520}: Found class java.lang.Object, but interface was expected> (0x0000000712869520) 
thrown [s\open\src\hotspot\share\interpreter\linkResolver.cpp, line 840]
Event: 2.141 Thread 0x0000020c53acf640 Exception <a 'java/lang/NoSuchMethodError'{0x0000000712d97950}: 'int java.lang.invoke.DirectMethodHandle$Holder.invokeSpecial(java.lang.Object, java.lang.Object, java.lang.Object, java.lang.Object, java.lang.Object)'> (0x0000000712d97950) 
thrown [s\open\src\hotspot\share\interpreter\linkResolver.cpp, line 773]
Event: 2.144 Thread 0x0000020c53acf640 Exception <a 'java/lang/NoSuchMethodError'{0x0000000712d9fcb8}: 'void java.lang.invoke.DirectMethodHandle$Holder.invokeVirtual(java.lang.Object, java.lang.Object)'> (0x0000000712d9fcb8) 
thrown [s\open\src\hotspot\share\interpreter\linkResolver.cpp, line 773]
Event: 2.312 Thread 0x0000020c53acf640 Exception <a 'java/lang/IncompatibleClassChangeError'{0x0000000711788478}: Found class java.lang.Object, but interface was expected> (0x0000000711788478) 
thrown [s\open\src\hotspot\share\interpreter\linkResolver.cpp, line 840]
Event: 2.330 Thread 0x0000020c7a5e62f0 Exception <a 'java/lang/NoSuchMethodError'{0x0000000711561a98}: 'long java.lang.invoke.DirectMethodHandle$Holder.invokeSpecial(java.lang.Object, java.lang.Object)'> (0x0000000711561a98) 
thrown [s\open\src\hotspot\share\interpreter\linkResolver.cpp, line 773]
Event: 2.332 Thread 0x0000020c7a5e62f0 Exception <a 'java/lang/NoSuchMethodError'{0x00000007115d7190}: 'long java.lang.invoke.DirectMethodHandle$Holder.invokeStatic(java.lang.Object, java.lang.Object)'> (0x00000007115d7190) 
thrown [s\open\src\hotspot\share\interpreter\linkResolver.cpp, line 773]
Event: 2.332 Thread 0x0000020c7a5e62f0 Exception <a 'java/lang/NoSuchMethodError'{0x00000007115da258}: 'long java.lang.invoke.DirectMethodHandle$Holder.invokeStaticInit(java.lang.Object, java.lang.Object)'> (0x00000007115da258) 
thrown [s\open\src\hotspot\share\interpreter\linkResolver.cpp, line 773]
Event: 2.334 Thread 0x0000020c7a5e62f0 Exception <a 'java/lang/NoSuchMethodError'{0x00000007115e60b8}: 'long java.lang.invoke.DirectMethodHandle$Holder.invokeInterface(java.lang.Object, java.lang.Object)'> (0x00000007115e60b8) 
thrown [s\open\src\hotspot\share\interpreter\linkResolver.cpp, line 773]
Event: 2.334 Thread 0x0000020c7a5e62f0 Exception <a 'java/lang/IncompatibleClassChangeError'{0x00000007115e90c8}: Found class java.lang.Object, but interface was expected> (0x00000007115e90c8) 
thrown [s\open\src\hotspot\share\interpreter\linkResolver.cpp, line 840]

ZGC Phase Switch (0 events):
No events

VM Operations (20 events):
Event: 1.923 Executing VM operation: Cleanup
Event: 1.970 Executing VM operation: Cleanup done
Event: 2.008 Executing VM operation: HandshakeAllThreads (Deoptimize)
Event: 2.009 Executing VM operation: HandshakeAllThreads (Deoptimize) done
Event: 2.118 Executing VM operation: HandshakeAllThreads (Deoptimize)
Event: 2.118 Executing VM operation: HandshakeAllThreads (Deoptimize) done
Event: 2.321 Executing VM operation: HandshakeAllThreads (Deoptimize)
Event: 2.321 Executing VM operation: HandshakeAllThreads (Deoptimize) done
Event: 2.348 Executing VM operation: ICBufferFull
Event: 2.348 Executing VM operation: ICBufferFull done
Event: 2.429 Executing VM operation: HandshakeAllThreads (Deoptimize)
Event: 2.429 Executing VM operation: HandshakeAllThreads (Deoptimize) done
Event: 2.430 Executing VM operation: CollectForMetadataAllocation (Metadata GC Threshold)
Event: 2.434 Executing VM operation: CollectForMetadataAllocation (Metadata GC Threshold) done
Event: 3.435 Executing VM operation: Cleanup
Event: 3.451 Executing VM operation: Cleanup done
Event: 3.451 Executing VM operation: G1PauseRemark
Event: 3.453 Executing VM operation: G1PauseRemark done
Event: 3.454 Executing VM operation: G1PauseCleanup
Event: 3.454 Executing VM operation: G1PauseCleanup done

Events (17 events):
Event: 0.026 Thread 0x0000020c53acf640 Thread added: 0x0000020c53acf640
Event: 0.037 Thread 0x0000020c751a0150 Thread added: 0x0000020c751a0150
Event: 0.038 Thread 0x0000020c751a19e0 Thread added: 0x0000020c751a19e0
Event: 0.038 Thread 0x0000020c751a59a0 Thread added: 0x0000020c751a59a0
Event: 0.038 Thread 0x0000020c751a8760 Thread added: 0x0000020c751a8760
Event: 0.038 Thread 0x0000020c751ac8b0 Thread added: 0x0000020c751ac8b0
Event: 0.038 Thread 0x0000020c751ae0d0 Thread added: 0x0000020c751ae0d0
Event: 0.038 Thread 0x0000020c751c27e0 Thread added: 0x0000020c751c27e0
Event: 0.038 Thread 0x0000020c751c5b30 Thread added: 0x0000020c751c5b30
Event: 0.094 Thread 0x0000020c7516dae0 Thread added: 0x0000020c7516dae0
Event: 0.137 Thread 0x0000020c755cf440 Thread added: 0x0000020c755cf440
Event: 0.172 Thread 0x0000020c757ce800 Thread added: 0x0000020c757ce800
Event: 0.172 Thread 0x0000020c757cee60 Thread added: 0x0000020c757cee60
Event: 0.763 Thread 0x0000020c7a5e62f0 Thread added: 0x0000020c7a5e62f0
Event: 2.194 Thread 0x0000020c7b67bf60 Thread added: 0x0000020c7b67bf60
Event: 2.267 Thread 0x0000020c7a9bf0a0 Thread added: 0x0000020c7a9bf0a0
Event: 2.300 Thread 0x0000020c7a9bf0a0 Thread exited: 0x0000020c7a9bf0a0


Dynamic libraries:
0x00007ff7b9e20000 - 0x00007ff7b9e30000 	C:\Program Files\Java\jdk-21\bin\java.exe
0x00007ffad8e40000 - 0x00007ffad90a7000 	C:\WINDOWS\SYSTEM32\ntdll.dll
0x00007ffa9c030000 - 0x00007ffa9c050000 	C:\Program Files\Avast Software\Avast\aswhook.dll
0x00007ffad7d20000 - 0x00007ffad7de9000 	C:\WINDOWS\System32\KERNEL32.DLL
0x00007ffad6370000 - 0x00007ffad675f000 	C:\WINDOWS\System32\KERNELBASE.dll
0x00007ffad6220000 - 0x00007ffad636b000 	C:\WINDOWS\System32\ucrtbase.dll
0x00007ffad0fc0000 - 0x00007ffad0fd9000 	C:\Program Files\Java\jdk-21\bin\jli.dll
0x00007ffacff70000 - 0x00007ffacff8b000 	C:\Program Files\Java\jdk-21\bin\VCRUNTIME140.dll
0x00007ffad74c0000 - 0x00007ffad7574000 	C:\WINDOWS\System32\ADVAPI32.dll
0x00007ffad7bf0000 - 0x00007ffad7c99000 	C:\WINDOWS\System32\msvcrt.dll
0x00007ffad83c0000 - 0x00007ffad8466000 	C:\WINDOWS\System32\sechost.dll
0x00007ffad7340000 - 0x00007ffad7458000 	C:\WINDOWS\System32\RPCRT4.dll
0x00007ffad7a20000 - 0x00007ffad7be5000 	C:\WINDOWS\System32\USER32.dll
0x00007ffad6770000 - 0x00007ffad6797000 	C:\WINDOWS\System32\win32u.dll
0x00007ffaa88d0000 - 0x00007ffaa8b63000 	C:\WINDOWS\WinSxS\amd64_microsoft.windows.common-controls_6595b64144ccf1df_6.0.26100.7309_none_3e05feeae336a044\COMCTL32.dll
0x00007ffad8470000 - 0x00007ffad849b000 	C:\WINDOWS\System32\GDI32.dll
0x00007ffad5f90000 - 0x00007ffad60bc000 	C:\WINDOWS\System32\gdi32full.dll
0x00007ffad6170000 - 0x00007ffad6213000 	C:\WINDOWS\System32\msvcp_win.dll
0x00007fface950000 - 0x00007fface95b000 	C:\WINDOWS\SYSTEM32\VERSION.dll
0x00007ffad8550000 - 0x00007ffad8581000 	C:\WINDOWS\System32\IMM32.DLL
0x00007ffad1570000 - 0x00007ffad157c000 	C:\Program Files\Java\jdk-21\bin\vcruntime140_1.dll
0x00007ffaa84e0000 - 0x00007ffaa856e000 	C:\Program Files\Java\jdk-21\bin\msvcp140.dll
0x00007ff998540000 - 0x00007ff99925a000 	C:\Program Files\Java\jdk-21\bin\server\jvm.dll
0x00007ffad7ca0000 - 0x00007ffad7d14000 	C:\WINDOWS\System32\WS2_32.dll
0x00007ffad5c40000 - 0x00007ffad5c9e000 	C:\WINDOWS\SYSTEM32\POWRPROF.dll
0x00007ffac8340000 - 0x00007ffac8375000 	C:\WINDOWS\SYSTEM32\WINMM.dll
0x00007ffad5c20000 - 0x00007ffad5c34000 	C:\WINDOWS\SYSTEM32\UMPDC.dll
0x00007ffad4d00000 - 0x00007ffad4d1b000 	C:\WINDOWS\SYSTEM32\kernel.appcore.dll
0x00007ffad0f80000 - 0x00007ffad0f8a000 	C:\Program Files\Java\jdk-21\bin\jimage.dll
0x00007ffac8de0000 - 0x00007ffac9022000 	C:\WINDOWS\SYSTEM32\DBGHELP.DLL
0x00007ffad8840000 - 0x00007ffad8bc6000 	C:\WINDOWS\System32\combase.dll
0x00007ffad80d0000 - 0x00007ffad81a6000 	C:\WINDOWS\System32\OLEAUT32.dll
0x00007ffac8d50000 - 0x00007ffac8d8c000 	C:\WINDOWS\SYSTEM32\dbgcore.DLL
0x00007ffad60c0000 - 0x00007ffad6165000 	C:\WINDOWS\System32\bcryptPrimitives.dll
0x00007ffad0e90000 - 0x00007ffad0e9f000 	C:\Program Files\Java\jdk-21\bin\instrument.dll
0x00007ffacff50000 - 0x00007ffacff6f000 	C:\Program Files\Java\jdk-21\bin\java.dll
0x00007ffad6be0000 - 0x00007ffad7333000 	C:\WINDOWS\System32\SHELL32.dll
0x00007ffad67a0000 - 0x00007ffad690a000 	C:\WINDOWS\System32\wintypes.dll
0x00007ffad3b70000 - 0x00007ffad43ce000 	C:\WINDOWS\SYSTEM32\windows.storage.dll
0x00007ffad86a0000 - 0x00007ffad8795000 	C:\WINDOWS\System32\SHCORE.dll
0x00007ffad8c20000 - 0x00007ffad8c86000 	C:\WINDOWS\System32\shlwapi.dll
0x00007ffad5eb0000 - 0x00007ffad5ed9000 	C:\WINDOWS\SYSTEM32\profapi.dll
0x00007ffaa4210000 - 0x00007ffaa42e7000 	C:\Program Files\Java\jdk-21\bin\jsvml.dll
0x00007ffacff00000 - 0x00007ffacff18000 	C:\Program Files\Java\jdk-21\bin\zip.dll
0x00007ffacff40000 - 0x00007ffacff50000 	C:\Program Files\Java\jdk-21\bin\net.dll
0x00007fface7d0000 - 0x00007fface8f8000 	C:\WINDOWS\SYSTEM32\WINHTTP.dll
0x00007ffad5250000 - 0x00007ffad52bb000 	C:\WINDOWS\system32\mswsock.dll
0x00007ffacff20000 - 0x00007ffacff36000 	C:\Program Files\Java\jdk-21\bin\nio.dll
0x00007ffacfef0000 - 0x00007ffacfef9000 	C:\Program Files\Java\jdk-21\bin\extnet.dll
0x00007ffacfec0000 - 0x00007ffacfece000 	C:\Program Files\Java\jdk-21\bin\sunmscapi.dll
0x00007ffad69d0000 - 0x00007ffad6b47000 	C:\WINDOWS\System32\CRYPT32.dll
0x00007ffad5790000 - 0x00007ffad57c0000 	C:\WINDOWS\SYSTEM32\ncrypt.dll
0x00007ffad5740000 - 0x00007ffad577f000 	C:\WINDOWS\SYSTEM32\NTASN1.dll

dbghelp: loaded successfully - version: 4.0.5 - missing functions: none
symbol engine: initialized successfully - sym options: 0x614 - pdb path: .;C:\Program Files\Java\jdk-21\bin;C:\WINDOWS\SYSTEM32;C:\Program Files\Avast Software\Avast;C:\WINDOWS\WinSxS\amd64_microsoft.windows.common-controls_6595b64144ccf1df_6.0.26100.7309_none_3e05feeae336a044;C:\Program Files\Java\jdk-21\bin\server

VM Arguments:
jvm_args: -javaagent:C:\Program Files\JetBrains\IntelliJ IDEA Community Edition 2025.1.1.1\lib\idea_rt.jar=63399 -Dfile.encoding=UTF-8 -Dsun.stdout.encoding=UTF-8 -Dsun.stderr.encoding=UTF-8 
java_command: br.com.deposito.DepositoApplication
java_class_path (initial): C:\Users\User\Documents\projetos\Deposito\target\classes;C:\Users\User\.m2\repository\org\springframework\boot\spring-boot-h2console\4.0.2\spring-boot-h2console-4.0.2.jar;C:\Users\User\.m2\repository\org\springframework\boot\spring-boot\4.0.2\spring-boot-4.0.2.jar;C:\Users\User\.m2\repository\org\springframework\spring-core\7.0.3\spring-core-7.0.3.jar;C:\Users\User\.m2\repository\commons-logging\commons-logging\1.3.5\commons-logging-1.3.5.jar;C:\Users\User\.m2\repository\org\jspecify\jspecify\1.0.0\jspecify-1.0.0.jar;C:\Users\User\.m2\repository\org\springframework\spring-context\7.0.3\spring-context-7.0.3.jar;C:\Users\User\.m2\repository\org\springframework\spring-aop\7.0.3\spring-aop-7.0.3.jar;C:\Users\User\.m2\repository\org\springframework\spring-beans\7.0.3\spring-beans-7.0.3.jar;C:\Users\User\.m2\repository\org\springframework\spring-expression\7.0.3\spring-expression-7.0.3.jar;C:\Users\User\.m2\repository\io\micrometer\micrometer-observation\1.16.2\micrometer-observation-1.16.2.jar;C:\Users\User\.m2\repository\io\micrometer\micrometer-commons\1.16.2\micrometer-commons-1.16.2.jar;C:\Users\User\.m2\repository\jakarta\servlet\jakarta.servlet-api\6.1.0\jakarta.servlet-api-6.1.0.jar;C:\Users\User\.m2\repository\org\springframework\boot\spring-boot-starter-data-jpa\4.0.2\spring-boot-starter-data-jpa-4.0.2.jar;C:\Users\User\.m2\repository\org\springframework\boot\spring-boot-starter\4.0.2\spring-boot-starter-4.0.2.jar;C:\Users\User\.m2\repository\org\springframework\boot\spring-boot-starter-logging\4.0.2\spring-boot-starter-logging-4.0.2.jar;C:\Users\User\.m2\repository\ch\qos\logback\logback-classic\1.5.25\logback-classic-1.5.25.jar;C:\Users\User\.m2\repository\ch\qos\logback\logback-core\1.5.25\logback-core-1.5.25.jar;C:\Users\User\.m2\repository\org\apache\logging\log4j\log4j-to-slf4j\2.25.3\log4j-to-slf4j-2.25.3.jar;C:\Users\User\.m2\repository\org\apache\logging\log4j\log4j-api\2.25.3\log4j-api-2.25.3.jar;C:\Users\User\.m2\repository\org\slf4j\jul-to-slf4j\2.0.17\jul-to-slf4j-2.0.17.jar;C:\Users\User\.m2\repository\org\springframework\boot\spring-boot-autoconfigure\4.0.2\spring-boot-autoconfigure-4.0.2.jar;C:\Users\User\.m2\repository\jakarta\annotation\jakarta.annotation-api\3.0.0\jakarta.annotation-api-3.0.0.jar;C:\Users\User\.m2\repository\org\yaml\snakeyaml\2.5\snakeyaml-2.5.jar;C:\Users\User\.m2\repository\org\springframework\boot\spring-boot-starter-jdbc\4.0.2\spring-boot-starter-jdbc-4.0.2.jar;C:\Users\User\.m2\repository\com\zaxxer\HikariCP\7.0.2\HikariCP-7.0.2.jar;C:\Users\User\.m2\repository\org\slf4j\slf4j-api\2.0.17\slf4j-api-2.0.17.jar;C:\Users\User\.m2\repository\org\springframework\boot\spring-boot-data-jpa\4.0.2\spring-boot-data-jpa-4.0.2.jar;C:\Users\User\.m2\repository\org\springframework\boot\spring-boot-data-commons\4.0.2\spring-boot-data-commons-4.0.2.jar;C:\Users\User\.m2\repository\org\springframework\boot\spring-boot-persistence\4.0.2\spring-boot-persistence-4.0.2.jar;C:\Users\User\.m2\repository\org\springframework\data\spring-data-commons\4.0.2\spring-data-commons-4.0.2.jar;C:\Users\User\.m2\repository\org\springframework\boot\spring-boot-hibernate\4.0.2\spring-boot-hibernate-4.0.2.jar;C:\Users\User\.m2\repository\org\springframework\boot\spring-boot-jpa\4.0.2\spring-boot-jpa-4.0.2.jar;C:\Users\User\.m2\repository\jakarta\persistence\jakarta.persistence-api\3.2.0\jakarta.persistence-api-3.2.0.jar;C:\Users\User\.m2\repository\org\hibernate\orm\hibernate-core\7.2.1.Final\hibernate-core-7.2.1.Final.jar;C:\Users\User\.m2\repository\jakarta\transaction\jakarta.transaction-api\2.0.1\jakarta.transaction-api-2.0.1.jar;C:\Users\User\.m2\repository\org\hibernate\models\hibernate-models\1.0.1\hibernate-models-1.0.1.jar;C:\Users\User\.m2\repository\org\glassfish\jaxb\jaxb-runtime\4.0.6\jaxb-runtime-4.0.6.jar;C:\Users\User\.m2\repository\org\glassfish\jaxb\jaxb-core\4.0.6\jaxb-core-4.0.6.jar;C:\Users\User\.m2\repository\org\eclipse\angus\angus-activation\2.0.3\angus-activation-2.0.3.jar;C:\Users\User\.m2\repository\org\glassfish\jaxb\txw2\4.0.6\txw2-4.0.6.jar;C:\Users\User\.m2\repository\com\sun\istack\istack-commons-runtime\4.1.2\istack-commons-runtime-4.1.2.jar;C:\Users\User\.m2\repository\jakarta\inject\jakarta.inject-api\2.0.1\jakarta.inject-api-2.0.1.jar;C:\Users\User\.m2\repository\org\springframework\spring-orm\7.0.3\spring-orm-7.0.3.jar;C:\Users\User\.m2\repository\org\springframework\data\spring-data-jpa\4.0.2\spring-data-jpa-4.0.2.jar;C:\Users\User\.m2\repository\org\springframework\spring-tx\7.0.3\spring-tx-7.0.3.jar;C:\Users\User\.m2\repository\org\antlr\antlr4-runtime\4.13.2\antlr4-runtime-4.13.2.jar;C:\Users\User\.m2\repository\org\springframework\spring-aspects\7.0.3\spring-aspects-7.0.3.jar;C:\Users\User\.m2\repository\org\aspectj\aspectjweaver\1.9.25.1\aspectjweaver-1.9.25.1.jar;C:\Users\User\.m2\repository\org\springframework\boot\spring-boot-jdbc\4.0.2\spring-boot-jdbc-4.0.2.jar;C:\Users\User\.m2\repository\org\springframework\boot\spring-boot-sql\4.0.2\spring-boot-sql-4.0.2.jar;C:\Users\User\.m2\repository\org\springframework\boot\spring-boot-transaction\4.0.2\spring-boot-transaction-4.0.2.jar;C:\Users\User\.m2\repository\org\springframework\spring-jdbc\7.0.3\spring-jdbc-7.0.3.jar;C:\Users\User\.m2\repository\org\springframework\boot\spring-boot-starter-validation\4.0.2\spring-boot-starter-validation-4.0.2.jar;C:\Users\User\.m2\repository\org\springframework\boot\spring-boot-validation\4.0.2\spring-boot-validation-4.0.2.jar;C:\Users\User\.m2\repository\org\apache\tomcat\embed\tomcat-embed-el\11.0.15\tomcat-embed-el-11.0.15.jar;C:\Users\User\.m2\repository\org\hibernate\validator\hibernate-validator\9.0.1.Final\hibernate-validator-9.0.1.Final.jar;C:\Users\User\.m2\repository\jakarta\validation\jakarta.validation-api\3.1.1\jakarta.validation-api-3.1.1.jar;C:\Users\User\.m2\repository\org\jboss\logging\jboss-logging\3.6.1.Final\jboss-logging-3.6.1.Final.jar;C:\Users\User\.m2\repository\com\fasterxml\classmate\1.7.3\classmate-1.7.3.jar;C:\Users\User\.m2\repository\org\springframework\boot\spring-boot-starter-webmvc\4.0.2\spring-boot-starter-webmvc-4.0.2.jar;C:\Users\User\.m2\repository\org\springframework\boot\spring-boot-starter-jackson\4.0.2\spring-boot-starter-jackson-4.0.2.jar;C:\Users\User\.m2\repository\org\springframework\boot\spring-boot-jackson\4.0.2\spring-boot-jackson-4.0.2.jar;C:\Users\User\.m2\repository\tools\jackson\core\jackson-databind\3.0.4\jackson-databind-3.0.4.jar;C:\Users\User\.m2\repository\com\fasterxml\jackson\core\jackson-annotations\2.20\jackson-annotations-2.20.jar;C:\Users\User\.m2\repository\tools\jackson\core\jackson-core\3.0.4\jackson-core-3.0.4.jar;C:\Users\User\.m2\repository\org\springframework\boot\spring-boot-starter-tomcat\4.0.2\spring-boot-starter-tomcat-4.0.2.jar;C:\Users\User\.m2\repository\org\springframework\boot\spring-boot-starter-tomcat-runtime\4.0.2\spring-boot-starter-tomcat-runtime-4.0.2.jar;C:\Users\User\.m2\repository\org\apache\tomcat\embed\tomcat-embed-core\11.0.15\tomcat-embed-core-11.0.15.jar;C:\Users\User\.m2\repository\org\apache\tomcat\embed\tomcat-embed-websocket\11.0.15\tomcat-embed-websocket-11.0.15.jar;C:\Users\User\.m2\repository\org\springframework\boot\spring-boot-tomcat\4.0.2\spring-boot-tomcat-4.0.2.jar;C:\Users\User\.m2\repository\org\springframework\boot\spring-boot-http-converter\4.0.2\spring-boot-http-converter-4.0.2.jar;C:\Users\User\.m2\repository\org\springframework\spring-web\7.0.3\spring-web-7.0.3.jar;C:\Users\User\.m2\repository\org\springframework\boot\spring-boot-webmvc\4.0.2\spring-boot-webmvc-4.0.2.jar;C:\Users\User\.m2\repository\org\springframework\boot\spring-boot-servlet\4.0.2\spring-boot-servlet-4.0.2.jar;C:\Users\User\.m2\repository\org\springframework\spring-webmvc\7.0.3\spring-webmvc-7.0.3.jar;C:\Users\User\.m2\repository\org\modelmapper\modelmapper\3.2.6\modelmapper-3.2.6.jar;C:\Users\User\.m2\repository\com\h2database\h2\2.4.240\h2-2.4.240.jar;C:\Users\User\.m2\repository\org\postgresql\postgresql\42.7.9\postgresql-42.7.9.jar;C:\Users\User\.m2\repository\org\checkerframework\checker-qual\3.52.0\checker-qual-3.52.0.jar;C:\Users\User\.m2\repository\org\projectlombok\lombok\1.18.42\lombok-1.18.42.jar;C:\Users\User\.m2\repository\jakarta\xml\bind\jakarta.xml.bind-api\4.0.4\jakarta.xml.bind-api-4.0.4.jar;C:\Users\User\.m2\repository\jakarta\activation\jakarta.activation-api\2.1.4\jakarta.activation-api-2.1.4.jar;C:\Users\User\.m2\repository\net\bytebuddy\byte-buddy\1.17.8\byte-buddy-1.17.8.jar;C:\Users\User\.m2\repository\org\springframework\boot\spring-boot-web-server\4.0.2\spring-boot-web-server-4.0.2.jar
Launcher Type: SUN_STANDARD

[Global flags]
     intx CICompilerCount                          = 4                                         {product} {ergonomic}
     uint ConcGCThreads                            = 3                                         {product} {ergonomic}
     uint G1ConcRefinementThreads                  = 10                                        {product} {ergonomic}
   size_t G1HeapRegionSize                         = 2097152                                   {product} {ergonomic}
    uintx GCDrainStackTargetSize                   = 64                                        {product} {ergonomic}
   size_t InitialHeapSize                          = 266338304                                 {product} {ergonomic}
   size_t MarkStackSize                            = 4194304                                   {product} {ergonomic}
   size_t MaxHeapSize                              = 4234149888                                {product} {ergonomic}
   size_t MaxNewSize                               = 2539651072                                {product} {ergonomic}
   size_t MinHeapDeltaBytes                        = 2097152                                   {product} {ergonomic}
   size_t MinHeapSize                              = 8388608                                   {product} {ergonomic}
    uintx NonNMethodCodeHeapSize                   = 5839372                                {pd product} {ergonomic}
    uintx NonProfiledCodeHeapSize                  = 122909434                              {pd product} {ergonomic}
    uintx ProfiledCodeHeapSize                     = 122909434                              {pd product} {ergonomic}
    uintx ReservedCodeCacheSize                    = 251658240                              {pd product} {ergonomic}
     bool SegmentedCodeCache                       = true                                      {product} {ergonomic}
   size_t SoftMaxHeapSize                          = 4234149888                             {manageable} {ergonomic}
     bool UseCompressedOops                        = true                           {product lp64_product} {ergonomic}
     bool UseG1GC                                  = true                                      {product} {ergonomic}
     bool UseLargePagesIndividualAllocation        = false                                  {pd product} {ergonomic}

Logging:
Log output configuration:
 #0: stdout all=warning uptime,level,tags foldmultilines=false
 #1: stderr all=off uptime,level,tags foldmultilines=false

Environment Variables:
JAVA_HOME=C:\Program Files\Java\jdk-21
PATH=C:\Program Files\Common Files\Oracle\Java\javapath;C:\WINDOWS\system32;C:\WINDOWS;C:\WINDOWS\System32\Wbem;C:\WINDOWS\System32\WindowsPowerShell\v1.0\;C:\WINDOWS\System32\OpenSSH\;C:\Program Files\NVIDIA Corporation\NVIDIA App\NvDLISR;C:\Program Files (x86)\NVIDIA Corporation\PhysX\Common;%JAVA_HOME%\bin;C:\Program Files\Intel\WiFi\bin\;C:\Program Files\Common Files\Intel\WirelessCommon\;C:\Program Files\Git\cmd;C:\Program Files\Docker\Docker\resources\bin;C:\Program Files\dotnet\;C:\Program Files\nodejs\;C:\Program Files\Common Files\Oracle\Java\javapath;C:\WINDOWS\system32;C:\WINDOWS;C:\WINDOWS\System32\Wbem;C:\WINDOWS\System32\WindowsPowerShell\v1.0\;C:\WINDOWS\System32\OpenSSH\;C:\Program Files\NVIDIA Corporation\NVIDIA App\NvDLISR;C:\Program Files (x86)\NVIDIA Corporation\PhysX\Common;C:\Program Files\Java\jdk-21\bin;C:\Program Files\Intel\WiFi\bin\;C:\Program Files\Common Files\Intel\WirelessCommon\;C:\Program Files\Git\cmd;C:\Program Files\Docker\Docker\resources\bin;C:\Program Files\dotnet\;C:\Users\User\.jbang\bin;C:\Users\User\AppData\Local\Microsoft\WindowsApps;C:\Users\User\AppData\Local\Programs\Microsoft VS Code\bin;c:\program files (x86)\steam\ext\bin;C:\Users\User\AppData\Roaming\npm;C:\Users\User\AppData\Local\Python\bin;C:\Users\User\AppData\Local\Programs\Antigravity\bin
USERNAME=Carlos
OS=Windows_NT
PROCESSOR_IDENTIFIER=Intel64 Family 6 Model 151 Stepping 5, GenuineIntel
TMP=C:\Users\User\AppData\Local\Temp
TEMP=C:\Users\User\AppData\Local\Temp




Periodic native trim disabled

---------------  S Y S T E M  ---------------

OS:
 Windows 11 , 64 bit Build 26100 (10.0.26100.7623)
OS uptime: 0 days 7:01 hours
Hyper-V role detected

CPU: total 12 (initial active 12) (6 cores per cpu, 2 threads per core) family 6 model 151 stepping 5 microcode 0x38, cx8, cmov, fxsr, ht, mmx, 3dnowpref, sse, sse2, sse3, ssse3, sse4.1, sse4.2, popcnt, lzcnt, tsc, tscinvbit, avx, avx2, aes, erms, clmul, bmi1, bmi2, adx, sha, fma, vzeroupper, clflush, clflushopt, clwb, hv, serialize, rdtscp, rdpid, fsrm, f16c, cet_ibt, cet_ss
Processor Information for all 12 processors :
  Max Mhz: 2500, Current Mhz: 2500, Mhz Limit: 2500

Memory: 4k page, system-wide physical 16146M (3388M free)
TotalPageFile size 65298M (AvailPageFile size 188M)
current process WorkingSet (physical memory assigned to process): 125M, peak: 158M
current process commit charge ("private bytes"): 208M, peak: 405M

vm_info: Java HotSpot(TM) 64-Bit Server VM (21.0.7+8-LTS-245) for windows-amd64 JRE (21.0.7+8-LTS-245), built on 2025-02-21T05:11:27Z by "mach5one" with MS VC++ 17.6 (VS2022)

END.
